{"C:\\Users\\marti\\OneDrive\\Escritorio\\microservicio-autenticacion\\src\\config\\dynamodb-client.js": {"path":"C:\\Users\\marti\\OneDrive\\Escritorio\\microservicio-autenticacion\\src\\config\\dynamodb-client.js","statementMap":{"0":{"start":{"line":3,"column":15},"end":{"line":3,"column":41}},"1":{"start":{"line":4,"column":15},"end":{"line":11,"column":1}},"2":{"start":{"line":13,"column":0},"end":{"line":13,"column":25}}},"fnMap":{},"branchMap":{"0":{"loc":{"start":{"line":6,"column":6},"end":{"line":10,"column":3}},"type":"binary-expr","locations":[{"start":{"line":6,"column":6},"end":{"line":6,"column":12}},{"start":{"line":6,"column":16},"end":{"line":10,"column":3}}],"line":6}},"s":{"0":1,"1":1,"2":1},"f":{},"b":{"0":[1,1]},"_coverageSchema":"1a1c01bbd47fc00a2c39e90264f33305004495a9","hash":"fc92aa1602db11e3fe398bb03a283a27dbcbbe1b"}
,"C:\\Users\\marti\\OneDrive\\Escritorio\\microservicio-autenticacion\\src\\services\\user.service.js": {"path":"C:\\Users\\marti\\OneDrive\\Escritorio\\microservicio-autenticacion\\src\\services\\user.service.js","statementMap":{"0":{"start":{"line":1,"column":12},"end":{"line":1,"column":30}},"1":{"start":{"line":2,"column":29},"end":{"line":2,"column":62}},"2":{"start":{"line":3,"column":26},"end":{"line":3,"column":56}},"3":{"start":{"line":4,"column":31},"end":{"line":4,"column":69}},"4":{"start":{"line":5,"column":17},"end":{"line":5,"column":53}},"5":{"start":{"line":7,"column":17},"end":{"line":7,"column":71}},"6":{"start":{"line":9,"column":21},"end":{"line":43,"column":1}},"7":{"start":{"line":10,"column":33},"end":{"line":10,"column":49}},"8":{"start":{"line":12,"column":23},"end":{"line":17,"column":20}},"9":{"start":{"line":19,"column":8},"end":{"line":23,"column":9}},"10":{"start":{"line":20,"column":12},"end":{"line":22,"column":13}},"11":{"start":{"line":25,"column":25},"end":{"line":25,"column":49}},"12":{"start":{"line":26,"column":26},"end":{"line":26,"column":59}},"13":{"start":{"line":27,"column":8},"end":{"line":31,"column":11}},"14":{"start":{"line":28,"column":12},"end":{"line":30,"column":13}},"15":{"start":{"line":33,"column":22},"end":{"line":33,"column":42}},"16":{"start":{"line":34,"column":8},"end":{"line":34,"column":39}},"17":{"start":{"line":35,"column":8},"end":{"line":42,"column":9}},"18":{"start":{"line":44,"column":24},"end":{"line":90,"column":1}},"19":{"start":{"line":46,"column":46},"end":{"line":46,"column":62}},"20":{"start":{"line":47,"column":30},"end":{"line":47,"column":68}},"21":{"start":{"line":49,"column":4},"end":{"line":54,"column":5}},"22":{"start":{"line":50,"column":8},"end":{"line":53,"column":9}},"23":{"start":{"line":55,"column":23},"end":{"line":60,"column":16}},"24":{"start":{"line":61,"column":4},"end":{"line":89,"column":5}},"25":{"start":{"line":62,"column":8},"end":{"line":65,"column":9}},"26":{"start":{"line":68,"column":29},"end":{"line":68,"column":52}},"27":{"start":{"line":69,"column":28},"end":{"line":69,"column":62}},"28":{"start":{"line":70,"column":24},"end":{"line":77,"column":9}},"29":{"start":{"line":78,"column":8},"end":{"line":81,"column":20}},"30":{"start":{"line":83,"column":8},"end":{"line":88,"column":9}},"31":{"start":{"line":91,"column":0},"end":{"line":91,"column":47}}},"fnMap":{"0":{"name":"(anonymous_0)","decl":{"start":{"line":9,"column":21},"end":{"line":9,"column":22}},"loc":{"start":{"line":9,"column":35},"end":{"line":43,"column":1}},"line":9},"1":{"name":"(anonymous_1)","decl":{"start":{"line":44,"column":24},"end":{"line":44,"column":25}},"loc":{"start":{"line":44,"column":38},"end":{"line":90,"column":1}},"line":44}},"branchMap":{"0":{"loc":{"start":{"line":19,"column":8},"end":{"line":23,"column":9}},"type":"if","locations":[{"start":{"line":19,"column":8},"end":{"line":23,"column":9}},{"start":{},"end":{}}],"line":19},"1":{"loc":{"start":{"line":27,"column":8},"end":{"line":31,"column":11}},"type":"if","locations":[{"start":{"line":27,"column":8},"end":{"line":31,"column":11}},{"start":{},"end":{}}],"line":27},"2":{"loc":{"start":{"line":49,"column":4},"end":{"line":54,"column":5}},"type":"if","locations":[{"start":{"line":49,"column":4},"end":{"line":54,"column":5}},{"start":{},"end":{}}],"line":49},"3":{"loc":{"start":{"line":61,"column":4},"end":{"line":89,"column":5}},"type":"if","locations":[{"start":{"line":61,"column":4},"end":{"line":89,"column":5}},{"start":{"line":67,"column":8},"end":{"line":89,"column":5}}],"line":61}},"s":{"0":1,"1":1,"2":1,"3":1,"4":1,"5":1,"6":1,"7":2,"8":2,"9":2,"10":1,"11":1,"12":1,"13":1,"14":1,"15":0,"16":0,"17":0,"18":1,"19":4,"20":4,"21":4,"22":2,"23":2,"24":2,"25":1,"26":1,"27":1,"28":1,"29":1,"30":1,"31":1},"f":{"0":2,"1":4},"b":{"0":[1,1],"1":[1,0],"2":[2,2],"3":[1,1]},"_coverageSchema":"1a1c01bbd47fc00a2c39e90264f33305004495a9","hash":"feeb8cf9df7bbae5274942cc38b0fd7837089f83"}
,"C:\\Users\\marti\\OneDrive\\Escritorio\\microservicio-autenticacion\\src\\utils\\bcrypt.handle.js": {"path":"C:\\Users\\marti\\OneDrive\\Escritorio\\microservicio-autenticacion\\src\\utils\\bcrypt.handle.js","statementMap":{"0":{"start":{"line":1,"column":23},"end":{"line":1,"column":42}},"1":{"start":{"line":3,"column":16},"end":{"line":7,"column":1}},"2":{"start":{"line":4,"column":20},"end":{"line":4,"column":40}},"3":{"start":{"line":6,"column":2},"end":{"line":6,"column":19}},"4":{"start":{"line":9,"column":16},"end":{"line":13,"column":1}},"5":{"start":{"line":10,"column":20},"end":{"line":10,"column":51}},"6":{"start":{"line":12,"column":2},"end":{"line":12,"column":19}},"7":{"start":{"line":15,"column":0},"end":{"line":15,"column":38}}},"fnMap":{"0":{"name":"(anonymous_0)","decl":{"start":{"line":3,"column":16},"end":{"line":3,"column":17}},"loc":{"start":{"line":3,"column":33},"end":{"line":7,"column":1}},"line":3},"1":{"name":"(anonymous_1)","decl":{"start":{"line":9,"column":16},"end":{"line":9,"column":17}},"loc":{"start":{"line":9,"column":44},"end":{"line":13,"column":1}},"line":9}},"branchMap":{},"s":{"0":1,"1":1,"2":1,"3":1,"4":1,"5":1,"6":1,"7":1},"f":{"0":1,"1":1},"b":{},"_coverageSchema":"1a1c01bbd47fc00a2c39e90264f33305004495a9","hash":"8aeb185a3b3359f66656a4ede22c76ed174d3b08"}
,"C:\\Users\\marti\\OneDrive\\Escritorio\\microservicio-autenticacion\\src\\utils\\jwt.handle.js": {"path":"C:\\Users\\marti\\OneDrive\\Escritorio\\microservicio-autenticacion\\src\\utils\\jwt.handle.js","statementMap":{"0":{"start":{"line":1,"column":15},"end":{"line":1,"column":38}},"1":{"start":{"line":3,"column":19},"end":{"line":3,"column":41}},"2":{"start":{"line":5,"column":22},"end":{"line":9,"column":1}},"3":{"start":{"line":6,"column":14},"end":{"line":6,"column":57}},"4":{"start":{"line":8,"column":2},"end":{"line":8,"column":13}},"5":{"start":{"line":11,"column":0},"end":{"line":11,"column":35}}},"fnMap":{"0":{"name":"(anonymous_0)","decl":{"start":{"line":5,"column":22},"end":{"line":5,"column":23}},"loc":{"start":{"line":5,"column":29},"end":{"line":9,"column":1}},"line":5}},"branchMap":{},"s":{"0":1,"1":1,"2":1,"3":0,"4":0,"5":1},"f":{"0":0},"b":{},"_coverageSchema":"1a1c01bbd47fc00a2c39e90264f33305004495a9","hash":"067a9b8638ff05ab39efdb4bc7b5b0135190d63a"}
,"C:\\Users\\marti\\OneDrive\\Escritorio\\microservicio-autenticacion\\src\\utils\\validations.handle.js": {"path":"C:\\Users\\marti\\OneDrive\\Escritorio\\microservicio-autenticacion\\src\\utils\\validations.handle.js","statementMap":{"0":{"start":{"line":1,"column":22},"end":{"line":4,"column":3}},"1":{"start":{"line":2,"column":13},"end":{"line":2,"column":27}},"2":{"start":{"line":3,"column":4},"end":{"line":3,"column":26}},"3":{"start":{"line":5,"column":20},"end":{"line":8,"column":1}},"4":{"start":{"line":6,"column":11},"end":{"line":6,"column":23}},"5":{"start":{"line":7,"column":2},"end":{"line":7,"column":21}},"6":{"start":{"line":9,"column":27},"end":{"line":17,"column":1}},"7":{"start":{"line":10,"column":4},"end":{"line":12,"column":5}},"8":{"start":{"line":11,"column":6},"end":{"line":11,"column":31}},"9":{"start":{"line":13,"column":4},"end":{"line":15,"column":5}},"10":{"start":{"line":14,"column":6},"end":{"line":14,"column":28}},"11":{"start":{"line":16,"column":4},"end":{"line":16,"column":13}},"12":{"start":{"line":18,"column":0},"end":{"line":18,"column":37}}},"fnMap":{"0":{"name":"(anonymous_0)","decl":{"start":{"line":1,"column":22},"end":{"line":1,"column":23}},"loc":{"start":{"line":1,"column":33},"end":{"line":4,"column":3}},"line":1},"1":{"name":"(anonymous_1)","decl":{"start":{"line":5,"column":20},"end":{"line":5,"column":21}},"loc":{"start":{"line":5,"column":27},"end":{"line":8,"column":1}},"line":5},"2":{"name":"(anonymous_2)","decl":{"start":{"line":9,"column":27},"end":{"line":9,"column":28}},"loc":{"start":{"line":9,"column":49},"end":{"line":17,"column":1}},"line":9}},"branchMap":{"0":{"loc":{"start":{"line":10,"column":4},"end":{"line":12,"column":5}},"type":"if","locations":[{"start":{"line":10,"column":4},"end":{"line":12,"column":5}},{"start":{},"end":{}}],"line":10},"1":{"loc":{"start":{"line":13,"column":4},"end":{"line":15,"column":5}},"type":"if","locations":[{"start":{"line":13,"column":4},"end":{"line":15,"column":5}},{"start":{},"end":{}}],"line":13}},"s":{"0":1,"1":4,"2":4,"3":1,"4":3,"5":3,"6":1,"7":4,"8":1,"9":3,"10":1,"11":2,"12":1},"f":{"0":4,"1":3,"2":4},"b":{"0":[1,3],"1":[1,2]},"_coverageSchema":"1a1c01bbd47fc00a2c39e90264f33305004495a9","hash":"e368367bf40699473a93e04137bee9f0c9658505"}
}
