TN:
SF:src\config\dynamodb-client.js
FNF:0
FNH:0
DA:3,1
DA:4,1
DA:13,1
LF:3
LH:3
BRDA:6,0,0,1
BRDA:6,0,1,1
BRF:2
BRH:2
end_of_record
TN:
SF:src\services\user.service.js
FN:9,(anonymous_0)
FN:44,(anonymous_1)
FNF:2
FNH:2
FNDA:2,(anonymous_0)
FNDA:4,(anonymous_1)
DA:1,1
DA:2,1
DA:3,1
DA:4,1
DA:5,1
DA:7,1
DA:9,1
DA:10,2
DA:12,2
DA:19,2
DA:20,1
DA:25,1
DA:26,1
DA:27,1
DA:28,1
DA:33,0
DA:34,0
DA:35,0
DA:44,1
DA:46,4
DA:47,4
DA:49,4
DA:50,2
DA:55,2
DA:61,2
DA:62,1
DA:68,1
DA:69,1
DA:70,1
DA:78,1
DA:83,1
DA:91,1
LF:32
LH:29
BRDA:19,0,0,1
BRDA:19,0,1,1
BRDA:27,1,0,1
BRDA:27,1,1,0
BRDA:49,2,0,2
BRDA:49,2,1,2
BRDA:61,3,0,1
BRDA:61,3,1,1
BRF:8
BRH:7
end_of_record
TN:
SF:src\utils\bcrypt.handle.js
FN:3,(anonymous_0)
FN:9,(anonymous_1)
FNF:2
FNH:2
FNDA:1,(anonymous_0)
FNDA:1,(anonymous_1)
DA:1,1
DA:3,1
DA:4,1
DA:6,1
DA:9,1
DA:10,1
DA:12,1
DA:15,1
LF:8
LH:8
BRF:0
BRH:0
end_of_record
TN:
SF:src\utils\jwt.handle.js
FN:5,(anonymous_0)
FNF:1
FNH:0
FNDA:0,(anonymous_0)
DA:1,1
DA:3,1
DA:5,1
DA:6,0
DA:8,0
DA:11,1
LF:6
LH:4
BRF:0
BRH:0
end_of_record
TN:
SF:src\utils\validations.handle.js
FN:1,(anonymous_0)
FN:5,(anonymous_1)
FN:9,(anonymous_2)
FNF:3
FNH:3
FNDA:4,(anonymous_0)
FNDA:3,(anonymous_1)
FNDA:4,(anonymous_2)
DA:1,1
DA:2,4
DA:3,4
DA:5,1
DA:6,3
DA:7,3
DA:9,1
DA:10,4
DA:11,1
DA:13,3
DA:14,1
DA:16,2
DA:18,1
LF:13
LH:13
BRDA:10,0,0,1
BRDA:10,0,1,3
BRDA:13,1,0,1
BRDA:13,1,1,2
BRF:4
BRH:4
end_of_record
